  cnn_opencl.cpp
  cl_version.h: CL_TARGET_OPENCL_VERSION is not defined. Defaulting to 300 (OpenCL 3.0)
C:\Users\CEDPT\Downloads\CNN_OPENCL_1217\CNN_OPENCL\CNN_OPENCL\cnnSeqFunc.h(10,17): warning C4101: 'temp' :참조되지 않은 지역 변수입니다.
  (소스 파일 'cnn_opencl.cpp'을(를) 컴파일하는 중)
  
C:\Users\CEDPT\Downloads\CNN_OPENCL_1217\CNN_OPENCL\CNN_OPENCL\cnnSeqFunc.h(93,28): warning C4244: '=': 'double'에서 'float'(으)로 변환하면서 데이터가 손실될 수 있습니다.
  (소스 파일 'cnn_opencl.cpp'을(를) 컴파일하는 중)
  
C:\Users\CEDPT\Downloads\CNN_OPENCL_1217\CNN_OPENCL\CNN_OPENCL\cnnSeqFunc.h(82,6): warning C4101: 'i' :참조되지 않은 지역 변수입니다.
  (소스 파일 'cnn_opencl.cpp'을(를) 컴파일하는 중)
  
C:\Users\CEDPT\Downloads\CNN_OPENCL_1217\CNN_OPENCL\CNN_OPENCL\cnn_opencl.cpp(119,25): warning C4244: '초기화 중': 'double'에서 'cl_ulong'(으)로 변환하면서 데이터가 손실될 수 있습니다.
C:\Users\CEDPT\Downloads\CNN_OPENCL_1217\CNN_OPENCL\CNN_OPENCL\cnn_opencl.cpp(120,33): warning C4244: '초기화 중': 'double'에서 'cl_ulong'(으)로 변환하면서 데이터가 손실될 수 있습니다.
C:\Users\CEDPT\Downloads\CNN_OPENCL_1217\CNN_OPENCL\CNN_OPENCL\cnn_opencl.cpp(121,26): warning C4244: '초기화 중': 'double'에서 'cl_ulong'(으)로 변환하면서 데이터가 손실될 수 있습니다.
C:\Users\CEDPT\Downloads\CNN_OPENCL_1217\CNN_OPENCL\CNN_OPENCL\cnn_opencl.cpp(122,26): warning C4244: '초기화 중': 'double'에서 'cl_ulong'(으)로 변환하면서 데이터가 손실될 수 있습니다.
C:\Users\CEDPT\Downloads\CNN_OPENCL_1217\CNN_OPENCL\CNN_OPENCL\cnn_opencl.cpp(123,24): warning C4244: '초기화 중': 'double'에서 'cl_ulong'(으)로 변환하면서 데이터가 손실될 수 있습니다.
C:\Users\CEDPT\Downloads\CNN_OPENCL_1217\CNN_OPENCL\CNN_OPENCL\cnn_opencl.cpp(459,23): warning C4838: 'const int'에서 'size_t'(으)로의 변환에는 축소 변환이 필요합니다.
  코드를 생성하고 있습니다.
  9 of 46 functions (19.6%) were compiled, the rest were copied from previous compilation.
    0 functions were new in current compilation
    1 functions had inline decision re-evaluated but remain unchanged
  코드를 생성했습니다.
  CNN_OPENCL.vcxproj -> C:\Users\CEDPT\Downloads\CNN_OPENCL_1217\CNN_OPENCL\x64\Release\CNN_OPENCL.exe
